

Microchip Technology PIC18 PRO Macro Assembler V1.30 build 55553 
                                                                                               Sun Mar 30 23:54:24 2014

Microchip Technology Omniscient Code Generator (PRO mode) build 55553
     1                           	processor	18F4550
     2                           	fnconf	rparam,??,?,0
     3                           	opt	pw 120
     4                           	opt	pm
     5                           	psect	smallconst,global,reloc=2,class=SMALLCONST,delta=1
     6                           	psect	cinit,global,reloc=2,class=CODE,delta=1
     7                           	psect	cstackCOMRAM,global,class=COMRAM,space=1,delta=1
     8                           	psect	text0,global,reloc=2,class=CODE,delta=1
     9                           	psect	text1,global,reloc=2,class=CODE,delta=1
    10                           	psect	text2,global,reloc=2,class=CODE,delta=1
    11                           	psect	text3,global,reloc=2,class=CODE,delta=1
    12                           	psect	text4,global,reloc=2,class=CODE,delta=1
    13                           	psect	text5,global,reloc=2,class=CODE,delta=1
    14                           	psect	text6,global,reloc=2,class=CODE,delta=1
    15                           	psect	text7,global,reloc=2,class=CODE,delta=1
    16                           	psect	text8,global,reloc=2,class=CODE,delta=1
    17                           	psect	text9,global,reloc=2,class=CODE,delta=1
    18                           	psect	text10,global,reloc=2,class=CODE,delta=1
    19                           	psect	text11,global,reloc=2,class=CODE,delta=1
    20                           	psect	intsave_regs,global,class=BIGRAM,space=1,delta=1
    21                           	psect	rparam,global,class=COMRAM,space=1,delta=1
    22  0000                     _LATB	set	3978
    23  0000                     _LATBbits	set	3978
    24  0000                     _PORTB	set	3969
    25  0000                     _TRISB	set	3987
    26  0000                     _TRISBbits	set	3987
    27                           
    28                           	psect	smallconst
    29  000800                     __psmallconst:
    30                           	opt stack 0
    31  000800  00                 	db	0
    32  000801                     __stringdata:
    33                           	opt stack 0
    34  000801                     STR_2:
    35  000801  33                 	db	51	;'3'
    36  000802  61                 	db	97	;'a'
    37  000803  6C                 	db	108	;'l'
    38  000804  61                 	db	97	;'a'
    39  000805  79                 	db	121	;'y'
    40  000806  6B                 	db	107	;'k'
    41  000807  6F                 	db	111	;'o'
    42  000808  6D                 	db	109	;'m'
    43  000809  00                 	db	0
    44  00080A                     STR_1:
    45  00080A  41                 	db	65	;'A'
    46  00080B  73                 	db	115	;'s'
    47  00080C  61                 	db	97	;'a'
    48  00080D  6C                 	db	108	;'l'
    49  00080E  61                 	db	97	;'a'
    50  00080F  6D                 	db	109	;'m'
    51  000810  6F                 	db	111	;'o'
    52  000811  00                 	db	0
    53  000812                     __end_of__stringdata:
    54                           	opt stack 0
    55  000812  00                 	db	0	; dummy byte at the end
    56  0000                     
    57                           ; #config settings
    58                           
    59                           	psect	cinit
    60  000A7C                     __pcinit:
    61                           	opt stack 0
    62  000A7C                     start_initialization:
    63                           	opt stack 0
    64  000A7C                     __initialization:
    65                           	opt stack 0
    66  000A7C                     end_of_initialization:
    67                           	opt stack 0
    68  000A7C                     __end_of__initialization:
    69                           	opt stack 0
    70  000A7C  0E00               	movlw	low (__Lsmallconst shr (0+16))
    71  000A7E  6EF8               	movwf	tblptru,c
    72  000A80  0E08               	movlw	high __Lsmallconst
    73  000A82  6EF7               	movwf	tblptrh,c
    74  000A84  0100               	movlb	0
    75  000A86  EF54  F004         	goto	_main	;jump to C main() function
    76                           tblptru	equ	0xFF8
    77                           tblptrh	equ	0xFF7
    78                           
    79                           	psect	cstackCOMRAM
    80  000001                     __pcstackCOMRAM:
    81                           	opt stack 0
    82  000001                     ??_Delay10KTCYx:
    83  000001                     ??_DelayFor18TCY:
    84  000001                     ??_DelayPORXLCD:
    85  000001                     
    86                           ; 1 bytes @ 0x0
    87  000001                     	ds	1
    88  000002                     ??_SetDDRamAddr:
    89  000002                     WriteCmdXLCD@cmd:
    90                           	opt stack 0
    91  000002                     WriteDataXLCD@data:
    92                           	opt stack 0
    93  000002                     Delay10KTCYx@unit:
    94                           	opt stack 0
    95                           
    96                           ; 1 bytes @ 0x1
    97  000002                     	ds	1
    98  000003                     putrsXLCD@buffer:
    99                           	opt stack 0
   100  000003                     putsXLCD@buffer:
   101                           	opt stack 0
   102  000003                     SetDDRamAddr@DDaddr:
   103                           	opt stack 0
   104                           
   105                           ; 1 bytes @ 0x2
   106  000003                     	ds	1
   107  000004                     OpenXLCD@lcdtype:
   108                           	opt stack 0
   109                           
   110                           ; 1 bytes @ 0x3
   111  000004                     	ds	1
   112  000005                     main@mybuff:
   113                           	opt stack 0
   114                           
   115                           ; 20 bytes @ 0x4
   116  000005                     	ds	20
   117                           tblptru	equ	0xFF8
   118                           tblptrh	equ	0xFF7
   119                           
   120 ;;
   121 ;;Main: autosize = 0, tempsize = 0, incstack = 0, save=0
   122 ;;
   123 ;; *************** function _main *****************
   124 ;; Defined at:
   125 ;;		line 44 in file "main.c"
   126 ;; Parameters:    Size  Location     Type
   127 ;;		None
   128 ;; Auto vars:     Size  Location     Type
   129 ;;  mybuff         20    4[COMRAM] unsigned char [20]
   130 ;; Return value:  Size  Location     Type
   131 ;;		None               void
   132 ;; Registers used:
   133 ;;		wreg, fsr2l, fsr2h, status,2, status,0, tblptrl, tblptrh, tblptru, cstack
   134 ;; Tracked objects:
   135 ;;		On entry : 0/0
   136 ;;		On exit  : 0/0
   137 ;;		Unchanged: 0/0
   138 ;; Data sizes:     COMRAM   BANK0   BANK1   BANK2   BANK3   BANK4   BANK5   BANK6   BANK7
   139 ;;      Params:         0       0       0       0       0       0       0       0       0
   140 ;;      Locals:        20       0       0       0       0       0       0       0       0
   141 ;;      Temps:          0       0       0       0       0       0       0       0       0
   142 ;;      Totals:        20       0       0       0       0       0       0       0       0
   143 ;;Total ram usage:       20 bytes
   144 ;; Hardware stack levels required when called:    3
   145 ;; This function calls:
   146 ;;		_BusyXLCD
   147 ;;		_OpenXLCD
   148 ;;		_SetDDRamAddr
   149 ;;		_WriteCmdXLCD
   150 ;;		_init
   151 ;;		_putrsXLCD
   152 ;;		_putsXLCD
   153 ;; This function is called by:
   154 ;;		Startup code after reset
   155 ;; This function uses a non-reentrant model
   156 ;;
   157                           
   158                           	psect	text0
   159  0008A8                     __ptext0:
   160                           	opt stack 0
   161  0008A8                     _main:
   162                           	opt stack 28
   163                           
   164                           ;main.c: 46: init();
   165                           
   166                           ;incstack = 0
   167  0008A8  EC45  F005         	call	_init	;wreg free
   168                           
   169                           ;main.c: 49: OpenXLCD( 0b00101100 & 0b00111000 );
   170  0008AC  0E28               	movlw	40
   171  0008AE  EC0A  F004         	call	_OpenXLCD
   172  0008B2                     l940:
   173  0008B2  ECD9  F004         	call	_BusyXLCD	;wreg free
   174  0008B6  0900               	iorlw	0
   175  0008B8  E1FC               	bnz	l940
   176                           
   177                           ;main.c: 53: WriteCmdXLCD( 0b00001101 );
   178  0008BA  0E0D               	movlw	13
   179  0008BC  ECBB  F004         	call	_WriteCmdXLCD
   180                           
   181                           ;main.c: 54: WriteCmdXLCD( 0b00001110 );
   182  0008C0  0E0E               	movlw	14
   183  0008C2  ECBB  F004         	call	_WriteCmdXLCD
   184                           
   185                           ;main.c: 55: WriteCmdXLCD( 0b00000110 );
   186  0008C6  0E06               	movlw	6
   187  0008C8  ECBB  F004         	call	_WriteCmdXLCD
   188                           
   189                           ;main.c: 58: char mybuff [20];
   190                           ;main.c: 59: putrsXLCD( "Asalamo" );
   191  0008CC  0E0A               	movlw	STR_1& (0+255)
   192  0008CE  EC0B  F005         	call	_putrsXLCD
   193                           
   194                           ;main.c: 60: putsXLCD( mybuff );
   195  0008D2  0E05               	movlw	main@mybuff& (0+255)
   196  0008D4  ECF6  F004         	call	_putsXLCD
   197  0008D8                     l948:
   198  0008D8  ECD9  F004         	call	_BusyXLCD	;wreg free
   199  0008DC  0900               	iorlw	0
   200  0008DE  E1FC               	bnz	l948
   201                           
   202                           ;main.c: 64: SetDDRamAddr( 0x40 );
   203  0008E0  0E40               	movlw	64
   204  0008E2  EC7B  F004         	call	_SetDDRamAddr
   205                           
   206                           ;main.c: 65: char mybuff [20];
   207                           ;main.c: 66: putrsXLCD( "3alaykom");
   208  0008E6  0E01               	movlw	STR_2& (0+255)
   209  0008E8  EC0B  F005         	call	_putrsXLCD
   210                           
   211                           ;main.c: 67: putsXLCD( mybuff );
   212  0008EC  0E05               	movlw	main@mybuff& (0+255)
   213  0008EE  ECF6  F004         	call	_putsXLCD
   214  0008F2  EF00  F000         	goto	start
   215  0008F6                     __end_of_main:
   216                           	opt stack 0
   217                           tblptru	equ	0xFF8
   218                           tblptrh	equ	0xFF7
   219                           
   220 ;; *************** function _putsXLCD *****************
   221 ;; Defined at:
   222 ;;		line 16 in file "C:\Program Files\Microchip\xc8\v1.30\sources\pic18\plib\XLCD\putsxlcd.c"
   223 ;; Parameters:    Size  Location     Type
   224 ;;  buffer          1    wreg     PTR unsigned char 
   225 ;;		 -> main@mybuff(20), 
   226 ;; Auto vars:     Size  Location     Type
   227 ;;  buffer          1    2[COMRAM] PTR unsigned char 
   228 ;;		 -> main@mybuff(20), 
   229 ;; Return value:  Size  Location     Type
   230 ;;		None               void
   231 ;; Registers used:
   232 ;;		wreg, fsr2l, fsr2h, status,2, status,0, cstack
   233 ;; Tracked objects:
   234 ;;		On entry : 0/0
   235 ;;		On exit  : 0/0
   236 ;;		Unchanged: 0/0
   237 ;; Data sizes:     COMRAM   BANK0   BANK1   BANK2   BANK3   BANK4   BANK5   BANK6   BANK7
   238 ;;      Params:         0       0       0       0       0       0       0       0       0
   239 ;;      Locals:         1       0       0       0       0       0       0       0       0
   240 ;;      Temps:          0       0       0       0       0       0       0       0       0
   241 ;;      Totals:         1       0       0       0       0       0       0       0       0
   242 ;;Total ram usage:        1 bytes
   243 ;; Hardware stack levels used:    1
   244 ;; Hardware stack levels required when called:    2
   245 ;; This function calls:
   246 ;;		_BusyXLCD
   247 ;;		_WriteDataXLCD
   248 ;; This function is called by:
   249 ;;		_main
   250 ;; This function uses a non-reentrant model
   251 ;;
   252                           
   253                           	psect	text1
   254  0009EC                     __ptext1:
   255                           	opt stack 0
   256  0009EC                     _putsXLCD:
   257                           	opt stack 28
   258                           
   259                           ;incstack = 0
   260                           ;putsXLCD@buffer stored from wreg
   261  0009EC  CFE8 F003          	movff	wreg,putsXLCD@buffer
   262  0009F0  D00B               	goto	l934
   263  0009F2                     l928:
   264  0009F2  ECD9  F004         	call	_BusyXLCD	;wreg free
   265  0009F6  0900               	iorlw	0
   266  0009F8  E1FC               	bnz	l928
   267  0009FA  5003               	movf	putsXLCD@buffer,w,c
   268  0009FC  6ED9               	movwf	fsr2l,c
   269  0009FE  6ADA               	clrf	fsr2h,c
   270  000A00  50DF               	movf	indf2,w,c
   271  000A02  EC9D  F004         	call	_WriteDataXLCD
   272  000A06  2A03               	incf	putsXLCD@buffer,f,c
   273  000A08                     l934:
   274  000A08  5003               	movf	putsXLCD@buffer,w,c
   275  000A0A  6ED9               	movwf	fsr2l,c
   276  000A0C  6ADA               	clrf	fsr2h,c
   277  000A0E  50DF               	movf	indf2,w,c
   278  000A10  B4D8               	btfsc	status,2,c
   279  000A12  0012               	return	
   280  000A14  D7EE               	goto	l928
   281  000A16                     __end_of_putsXLCD:
   282                           	opt stack 0
   283                           tblptru	equ	0xFF8
   284                           tblptrh	equ	0xFF7
   285                           wreg	equ	0xFE8
   286                           indf2	equ	0xFDF
   287                           fsr2h	equ	0xFDA
   288                           fsr2l	equ	0xFD9
   289                           status	equ	0xFD8
   290                           
   291 ;; *************** function _putrsXLCD *****************
   292 ;; Defined at:
   293 ;;		line 16 in file "C:\Program Files\Microchip\xc8\v1.30\sources\pic18\plib\XLCD\putrxlcd.c"
   294 ;; Parameters:    Size  Location     Type
   295 ;;  buffer          1    wreg     PTR const unsigned char 
   296 ;;		 -> STR_2(9), STR_1(8), 
   297 ;; Auto vars:     Size  Location     Type
   298 ;;  buffer          1    2[COMRAM] PTR const unsigned char 
   299 ;;		 -> STR_2(9), STR_1(8), 
   300 ;; Return value:  Size  Location     Type
   301 ;;		None               void
   302 ;; Registers used:
   303 ;;		wreg, status,2, status,0, tblptrl, tblptrh, tblptru, cstack
   304 ;; Tracked objects:
   305 ;;		On entry : 0/0
   306 ;;		On exit  : 0/0
   307 ;;		Unchanged: 0/0
   308 ;; Data sizes:     COMRAM   BANK0   BANK1   BANK2   BANK3   BANK4   BANK5   BANK6   BANK7
   309 ;;      Params:         0       0       0       0       0       0       0       0       0
   310 ;;      Locals:         1       0       0       0       0       0       0       0       0
   311 ;;      Temps:          0       0       0       0       0       0       0       0       0
   312 ;;      Totals:         1       0       0       0       0       0       0       0       0
   313 ;;Total ram usage:        1 bytes
   314 ;; Hardware stack levels used:    1
   315 ;; Hardware stack levels required when called:    2
   316 ;; This function calls:
   317 ;;		_BusyXLCD
   318 ;;		_WriteDataXLCD
   319 ;; This function is called by:
   320 ;;		_main
   321 ;; This function uses a non-reentrant model
   322 ;;
   323                           
   324                           	psect	text2
   325  000A16                     __ptext2:
   326                           	opt stack 0
   327  000A16                     _putrsXLCD:
   328                           	opt stack 28
   329                           
   330                           ;incstack = 0
   331                           ;putrsXLCD@buffer stored from wreg
   332  000A16  CFE8 F003          	movff	wreg,putrsXLCD@buffer
   333  000A1A  D00B               	goto	l924
   334  000A1C                     l918:
   335  000A1C  ECD9  F004         	call	_BusyXLCD	;wreg free
   336  000A20  0900               	iorlw	0
   337  000A22  E1FC               	bnz	l918
   338  000A24  C003  FFF6         	movff	putrsXLCD@buffer,tblptrl
   339  000A28  0008               	tblrd		*
   340  000A2A  50F5               	movf	tablat,w,c
   341  000A2C  EC9D  F004         	call	_WriteDataXLCD
   342  000A30  2A03               	incf	putrsXLCD@buffer,f,c
   343  000A32                     l924:
   344  000A32  C003  FFF6         	movff	putrsXLCD@buffer,tblptrl
   345  000A36  0008               	tblrd		*
   346  000A38  50F5               	movf	tablat,w,c
   347  000A3A  B4D8               	btfsc	status,2,c
   348  000A3C  0012               	return	
   349  000A3E  D7EE               	goto	l918
   350  000A40                     __end_of_putrsXLCD:
   351                           	opt stack 0
   352                           tblptru	equ	0xFF8
   353                           tblptrh	equ	0xFF7
   354                           tblptrl	equ	0xFF6
   355                           tablat	equ	0xFF5
   356                           wreg	equ	0xFE8
   357                           indf2	equ	0xFDF
   358                           fsr2h	equ	0xFDA
   359                           fsr2l	equ	0xFD9
   360                           status	equ	0xFD8
   361                           
   362 ;; *************** function _WriteDataXLCD *****************
   363 ;; Defined at:
   364 ;;		line 16 in file "C:\Program Files\Microchip\xc8\v1.30\sources\pic18\plib\XLCD\writdata.c"
   365 ;; Parameters:    Size  Location     Type
   366 ;;  data            1    wreg     unsigned char 
   367 ;; Auto vars:     Size  Location     Type
   368 ;;  data            1    1[COMRAM] unsigned char 
   369 ;; Return value:  Size  Location     Type
   370 ;;		None               void
   371 ;; Registers used:
   372 ;;		wreg, status,2, status,0, cstack
   373 ;; Tracked objects:
   374 ;;		On entry : 0/0
   375 ;;		On exit  : 0/0
   376 ;;		Unchanged: 0/0
   377 ;; Data sizes:     COMRAM   BANK0   BANK1   BANK2   BANK3   BANK4   BANK5   BANK6   BANK7
   378 ;;      Params:         0       0       0       0       0       0       0       0       0
   379 ;;      Locals:         1       0       0       0       0       0       0       0       0
   380 ;;      Temps:          0       0       0       0       0       0       0       0       0
   381 ;;      Totals:         1       0       0       0       0       0       0       0       0
   382 ;;Total ram usage:        1 bytes
   383 ;; Hardware stack levels used:    1
   384 ;; Hardware stack levels required when called:    1
   385 ;; This function calls:
   386 ;;		_DelayFor18TCY
   387 ;; This function is called by:
   388 ;;		_putrsXLCD
   389 ;;		_putsXLCD
   390 ;; This function uses a non-reentrant model
   391 ;;
   392                           
   393                           	psect	text3
   394  00093A                     __ptext3:
   395                           	opt stack 0
   396  00093A                     _WriteDataXLCD:
   397                           	opt stack 28
   398                           
   399                           ;incstack = 0
   400                           ;WriteDataXLCD@data stored from wreg
   401  00093A  CFE8 F002          	movff	wreg,WriteDataXLCD@data
   402  00093E  0EF0               	movlw	240
   403  000940  1693               	andwf	3987,f,c	;volatile
   404  000942  1681               	andwf	3969,f,c	;volatile
   405  000944  3802               	swapf	WriteDataXLCD@data,w,c
   406  000946  0B0F               	andlw	15
   407  000948  1281               	iorwf	3969,f,c	;volatile
   408  00094A  8A8A               	bsf	3978,5,c	;volatile
   409  00094C  9C8A               	bcf	3978,6,c	;volatile
   410  00094E  EC35  F005         	call	_DelayFor18TCY	;wreg free
   411  000952  888A               	bsf	3978,4,c	;volatile
   412  000954  EC35  F005         	call	_DelayFor18TCY	;wreg free
   413  000958  988A               	bcf	3978,4,c	;volatile
   414  00095A  0EF0               	movlw	240
   415  00095C  1681               	andwf	3969,f,c	;volatile
   416  00095E  5002               	movf	WriteDataXLCD@data,w,c
   417  000960  0B0F               	andlw	15
   418  000962  1281               	iorwf	3969,f,c	;volatile
   419  000964  EC35  F005         	call	_DelayFor18TCY	;wreg free
   420  000968  888A               	bsf	3978,4,c	;volatile
   421  00096A  EC35  F005         	call	_DelayFor18TCY	;wreg free
   422  00096E  988A               	bcf	3978,4,c	;volatile
   423  000970  0E0F               	movlw	15
   424  000972  1293               	iorwf	3987,f,c	;volatile
   425  000974  0C0F               	retlw	15
   426  000976                     __end_of_WriteDataXLCD:
   427                           	opt stack 0
   428                           tblptru	equ	0xFF8
   429                           tblptrh	equ	0xFF7
   430                           tblptrl	equ	0xFF6
   431                           tablat	equ	0xFF5
   432                           wreg	equ	0xFE8
   433                           indf2	equ	0xFDF
   434                           fsr2h	equ	0xFDA
   435                           fsr2l	equ	0xFD9
   436                           status	equ	0xFD8
   437                           
   438 ;; *************** function _init *****************
   439 ;; Defined at:
   440 ;;		line 71 in file "main.c"
   441 ;; Parameters:    Size  Location     Type
   442 ;;		None
   443 ;; Auto vars:     Size  Location     Type
   444 ;;		None
   445 ;; Return value:  Size  Location     Type
   446 ;;		None               void
   447 ;; Registers used:
   448 ;;		None
   449 ;; Tracked objects:
   450 ;;		On entry : 0/0
   451 ;;		On exit  : 0/0
   452 ;;		Unchanged: 0/0
   453 ;; Data sizes:     COMRAM   BANK0   BANK1   BANK2   BANK3   BANK4   BANK5   BANK6   BANK7
   454 ;;      Params:         0       0       0       0       0       0       0       0       0
   455 ;;      Locals:         0       0       0       0       0       0       0       0       0
   456 ;;      Temps:          0       0       0       0       0       0       0       0       0
   457 ;;      Totals:         0       0       0       0       0       0       0       0       0
   458 ;;Total ram usage:        0 bytes
   459 ;; Hardware stack levels used:    1
   460 ;; This function calls:
   461 ;;		Nothing
   462 ;; This function is called by:
   463 ;;		_main
   464 ;; This function uses a non-reentrant model
   465 ;;
   466                           
   467                           	psect	text4
   468  000A8A                     __ptext4:
   469                           	opt stack 0
   470  000A8A                     _init:
   471                           	opt stack 30
   472                           
   473                           ;main.c: 72: LATB=0;
   474                           
   475                           ;incstack = 0
   476  000A8A  6A8A               	clrf	3978,c	;volatile
   477                           
   478                           ;main.c: 73: TRISB=0;
   479  000A8C  6A93               	clrf	3987,c	;volatile
   480  000A8E  0012               	return	
   481  000A90                     __end_of_init:
   482                           	opt stack 0
   483                           tblptru	equ	0xFF8
   484                           tblptrh	equ	0xFF7
   485                           tblptrl	equ	0xFF6
   486                           tablat	equ	0xFF5
   487                           wreg	equ	0xFE8
   488                           indf2	equ	0xFDF
   489                           fsr2h	equ	0xFDA
   490                           fsr2l	equ	0xFD9
   491                           status	equ	0xFD8
   492                           
   493 ;; *************** function _OpenXLCD *****************
   494 ;; Defined at:
   495 ;;		line 19 in file "C:\Program Files\Microchip\xc8\v1.30\sources\pic18\plib\XLCD\openxlcd.c"
   496 ;; Parameters:    Size  Location     Type
   497 ;;  lcdtype         1    wreg     unsigned char 
   498 ;; Auto vars:     Size  Location     Type
   499 ;;  lcdtype         1    3[COMRAM] unsigned char 
   500 ;; Return value:  Size  Location     Type
   501 ;;		None               void
   502 ;; Registers used:
   503 ;;		wreg, status,2, status,0, cstack
   504 ;; Tracked objects:
   505 ;;		On entry : 0/0
   506 ;;		On exit  : 0/0
   507 ;;		Unchanged: 0/0
   508 ;; Data sizes:     COMRAM   BANK0   BANK1   BANK2   BANK3   BANK4   BANK5   BANK6   BANK7
   509 ;;      Params:         0       0       0       0       0       0       0       0       0
   510 ;;      Locals:         1       0       0       0       0       0       0       0       0
   511 ;;      Temps:          0       0       0       0       0       0       0       0       0
   512 ;;      Totals:         1       0       0       0       0       0       0       0       0
   513 ;;Total ram usage:        1 bytes
   514 ;; Hardware stack levels used:    1
   515 ;; Hardware stack levels required when called:    2
   516 ;; This function calls:
   517 ;;		_BusyXLCD
   518 ;;		_Delay10KTCYx
   519 ;;		_DelayPORXLCD
   520 ;;		_SetDDRamAddr
   521 ;;		_WriteCmdXLCD
   522 ;; This function is called by:
   523 ;;		_main
   524 ;; This function uses a non-reentrant model
   525 ;;
   526                           
   527                           	psect	text5
   528  000814                     __ptext5:
   529                           	opt stack 0
   530  000814                     _OpenXLCD:
   531                           	opt stack 28
   532                           
   533                           ;incstack = 0
   534                           ;OpenXLCD@lcdtype stored from wreg
   535  000814  CFE8 F004          	movff	wreg,OpenXLCD@lcdtype
   536  000818  0EF0               	movlw	240
   537  00081A  1681               	andwf	3969,f,c	;volatile
   538  00081C  1693               	andwf	3987,f,c	;volatile
   539  00081E  9C93               	bcf	3987,6,c	;volatile
   540  000820  9A93               	bcf	3987,5,c	;volatile
   541  000822  9893               	bcf	3987,4,c	;volatile
   542  000824  9C8A               	bcf	3978,6,c	;volatile
   543  000826  9A8A               	bcf	3978,5,c	;volatile
   544  000828  988A               	bcf	3978,4,c	;volatile
   545  00082A  EC2C  F005         	call	_DelayPORXLCD	;wreg free
   546  00082E  0E30               	movlw	48
   547  000830  ECBB  F004         	call	_WriteCmdXLCD
   548  000834  0E05               	movlw	5
   549  000836  EC20  F005         	call	_Delay10KTCYx
   550  00083A  0E30               	movlw	48
   551  00083C  ECBB  F004         	call	_WriteCmdXLCD
   552  000840  0E01               	movlw	1
   553  000842  EC20  F005         	call	_Delay10KTCYx
   554  000846  0E32               	movlw	50
   555  000848  ECBB  F004         	call	_WriteCmdXLCD
   556  00084C                     l888:
   557  00084C  ECD9  F004         	call	_BusyXLCD	;wreg free
   558  000850  0900               	iorlw	0
   559  000852  E1FC               	bnz	l888
   560  000854                     l890:
   561  000854  ECD9  F004         	call	_BusyXLCD	;wreg free
   562  000858  0900               	iorlw	0
   563  00085A  E1FC               	bnz	l890
   564  00085C  5004               	movf	OpenXLCD@lcdtype,w,c
   565  00085E  ECBB  F004         	call	_WriteCmdXLCD
   566  000862                     l894:
   567  000862  ECD9  F004         	call	_BusyXLCD	;wreg free
   568  000866  0900               	iorlw	0
   569  000868  E1FC               	bnz	l894
   570  00086A  0E08               	movlw	8
   571  00086C  ECBB  F004         	call	_WriteCmdXLCD
   572  000870                     l898:
   573  000870  ECD9  F004         	call	_BusyXLCD	;wreg free
   574  000874  0900               	iorlw	0
   575  000876  E1FC               	bnz	l898
   576  000878  0E0F               	movlw	15
   577  00087A  ECBB  F004         	call	_WriteCmdXLCD
   578  00087E                     l902:
   579  00087E  ECD9  F004         	call	_BusyXLCD	;wreg free
   580  000882  0900               	iorlw	0
   581  000884  E1FC               	bnz	l902
   582  000886  0E01               	movlw	1
   583  000888  ECBB  F004         	call	_WriteCmdXLCD
   584  00088C                     l906:
   585  00088C  ECD9  F004         	call	_BusyXLCD	;wreg free
   586  000890  0900               	iorlw	0
   587  000892  E1FC               	bnz	l906
   588  000894  0E04               	movlw	4
   589  000896  ECBB  F004         	call	_WriteCmdXLCD
   590  00089A                     l910:
   591  00089A  ECD9  F004         	call	_BusyXLCD	;wreg free
   592  00089E  0900               	iorlw	0
   593  0008A0  E1FC               	bnz	l910
   594  0008A2  0E80               	movlw	128
   595  0008A4  EF7B  F004         	goto	_SetDDRamAddr
   596  0008A8                     __end_of_OpenXLCD:
   597                           	opt stack 0
   598                           tblptru	equ	0xFF8
   599                           tblptrh	equ	0xFF7
   600                           tblptrl	equ	0xFF6
   601                           tablat	equ	0xFF5
   602                           wreg	equ	0xFE8
   603                           indf2	equ	0xFDF
   604                           fsr2h	equ	0xFDA
   605                           fsr2l	equ	0xFD9
   606                           status	equ	0xFD8
   607                           
   608 ;; *************** function _WriteCmdXLCD *****************
   609 ;; Defined at:
   610 ;;		line 13 in file "C:\Program Files\Microchip\xc8\v1.30\sources\pic18\plib\XLCD\wcmdxlcd.c"
   611 ;; Parameters:    Size  Location     Type
   612 ;;  cmd             1    wreg     unsigned char 
   613 ;; Auto vars:     Size  Location     Type
   614 ;;  cmd             1    1[COMRAM] unsigned char 
   615 ;; Return value:  Size  Location     Type
   616 ;;		None               void
   617 ;; Registers used:
   618 ;;		wreg, status,2, status,0, cstack
   619 ;; Tracked objects:
   620 ;;		On entry : 0/0
   621 ;;		On exit  : 0/0
   622 ;;		Unchanged: 0/0
   623 ;; Data sizes:     COMRAM   BANK0   BANK1   BANK2   BANK3   BANK4   BANK5   BANK6   BANK7
   624 ;;      Params:         0       0       0       0       0       0       0       0       0
   625 ;;      Locals:         1       0       0       0       0       0       0       0       0
   626 ;;      Temps:          0       0       0       0       0       0       0       0       0
   627 ;;      Totals:         1       0       0       0       0       0       0       0       0
   628 ;;Total ram usage:        1 bytes
   629 ;; Hardware stack levels used:    1
   630 ;; Hardware stack levels required when called:    1
   631 ;; This function calls:
   632 ;;		_DelayFor18TCY
   633 ;; This function is called by:
   634 ;;		_main
   635 ;;		_OpenXLCD
   636 ;; This function uses a non-reentrant model
   637 ;;
   638                           
   639                           	psect	text6
   640  000976                     __ptext6:
   641                           	opt stack 0
   642  000976                     _WriteCmdXLCD:
   643                           	opt stack 29
   644                           
   645                           ;incstack = 0
   646                           ;WriteCmdXLCD@cmd stored from wreg
   647  000976  CFE8 F002          	movff	wreg,WriteCmdXLCD@cmd
   648  00097A  0EF0               	movlw	240
   649  00097C  1693               	andwf	3987,f,c	;volatile
   650  00097E  1681               	andwf	3969,f,c	;volatile
   651  000980  3802               	swapf	WriteCmdXLCD@cmd,w,c
   652  000982  0B0F               	andlw	15
   653  000984  1281               	iorwf	3969,f,c	;volatile
   654  000986  9C8A               	bcf	3978,6,c	;volatile
   655  000988  9A8A               	bcf	3978,5,c	;volatile
   656  00098A  EC35  F005         	call	_DelayFor18TCY	;wreg free
   657  00098E  888A               	bsf	3978,4,c	;volatile
   658  000990  EC35  F005         	call	_DelayFor18TCY	;wreg free
   659  000994  988A               	bcf	3978,4,c	;volatile
   660  000996  0EF0               	movlw	240
   661  000998  1681               	andwf	3969,f,c	;volatile
   662  00099A  5002               	movf	WriteCmdXLCD@cmd,w,c
   663  00099C  0B0F               	andlw	15
   664  00099E  1281               	iorwf	3969,f,c	;volatile
   665  0009A0  EC35  F005         	call	_DelayFor18TCY	;wreg free
   666  0009A4  888A               	bsf	3978,4,c	;volatile
   667  0009A6  EC35  F005         	call	_DelayFor18TCY	;wreg free
   668  0009AA  988A               	bcf	3978,4,c	;volatile
   669  0009AC  0E0F               	movlw	15
   670  0009AE  1293               	iorwf	3987,f,c	;volatile
   671  0009B0  0C0F               	retlw	15
   672  0009B2                     __end_of_WriteCmdXLCD:
   673                           	opt stack 0
   674                           tblptru	equ	0xFF8
   675                           tblptrh	equ	0xFF7
   676                           tblptrl	equ	0xFF6
   677                           tablat	equ	0xFF5
   678                           wreg	equ	0xFE8
   679                           indf2	equ	0xFDF
   680                           fsr2h	equ	0xFDA
   681                           fsr2l	equ	0xFD9
   682                           status	equ	0xFD8
   683                           
   684 ;; *************** function _SetDDRamAddr *****************
   685 ;; Defined at:
   686 ;;		line 13 in file "C:\Program Files\Microchip\xc8\v1.30\sources\pic18\plib\XLCD\setddram.c"
   687 ;; Parameters:    Size  Location     Type
   688 ;;  DDaddr          1    wreg     unsigned char 
   689 ;; Auto vars:     Size  Location     Type
   690 ;;  DDaddr          1    2[COMRAM] unsigned char 
   691 ;; Return value:  Size  Location     Type
   692 ;;		None               void
   693 ;; Registers used:
   694 ;;		wreg, status,2, status,0, cstack
   695 ;; Tracked objects:
   696 ;;		On entry : 0/0
   697 ;;		On exit  : 0/0
   698 ;;		Unchanged: 0/0
   699 ;; Data sizes:     COMRAM   BANK0   BANK1   BANK2   BANK3   BANK4   BANK5   BANK6   BANK7
   700 ;;      Params:         0       0       0       0       0       0       0       0       0
   701 ;;      Locals:         1       0       0       0       0       0       0       0       0
   702 ;;      Temps:          1       0       0       0       0       0       0       0       0
   703 ;;      Totals:         2       0       0       0       0       0       0       0       0
   704 ;;Total ram usage:        2 bytes
   705 ;; Hardware stack levels used:    1
   706 ;; Hardware stack levels required when called:    1
   707 ;; This function calls:
   708 ;;		_DelayFor18TCY
   709 ;; This function is called by:
   710 ;;		_main
   711 ;;		_OpenXLCD
   712 ;; This function uses a non-reentrant model
   713 ;;
   714                           
   715                           	psect	text7
   716  0008F6                     __ptext7:
   717                           	opt stack 0
   718  0008F6                     _SetDDRamAddr:
   719                           	opt stack 29
   720                           
   721                           ;incstack = 0
   722                           ;SetDDRamAddr@DDaddr stored from wreg
   723  0008F6  CFE8 F003          	movff	wreg,SetDDRamAddr@DDaddr
   724  0008FA  0EF0               	movlw	240
   725  0008FC  1693               	andwf	3987,f,c	;volatile
   726  0008FE  1681               	andwf	3969,f,c	;volatile
   727  000900  C003  F002         	movff	SetDDRamAddr@DDaddr,??_SetDDRamAddr
   728  000904  0E80               	movlw	128
   729  000906  1202               	iorwf	??_SetDDRamAddr,f,c
   730  000908  3802               	swapf	??_SetDDRamAddr,w,c
   731  00090A  0B0F               	andlw	15
   732  00090C  1281               	iorwf	3969,f,c	;volatile
   733  00090E  9C8A               	bcf	3978,6,c	;volatile
   734  000910  9A8A               	bcf	3978,5,c	;volatile
   735  000912  EC35  F005         	call	_DelayFor18TCY	;wreg free
   736  000916  888A               	bsf	3978,4,c	;volatile
   737  000918  EC35  F005         	call	_DelayFor18TCY	;wreg free
   738  00091C  988A               	bcf	3978,4,c	;volatile
   739  00091E  0EF0               	movlw	240
   740  000920  1681               	andwf	3969,f,c	;volatile
   741  000922  5003               	movf	SetDDRamAddr@DDaddr,w,c
   742  000924  0B0F               	andlw	15
   743  000926  1281               	iorwf	3969,f,c	;volatile
   744  000928  EC35  F005         	call	_DelayFor18TCY	;wreg free
   745  00092C  888A               	bsf	3978,4,c	;volatile
   746  00092E  EC35  F005         	call	_DelayFor18TCY	;wreg free
   747  000932  988A               	bcf	3978,4,c	;volatile
   748  000934  0E0F               	movlw	15
   749  000936  1293               	iorwf	3987,f,c	;volatile
   750  000938  0C0F               	retlw	15
   751  00093A                     __end_of_SetDDRamAddr:
   752                           	opt stack 0
   753                           tblptru	equ	0xFF8
   754                           tblptrh	equ	0xFF7
   755                           tblptrl	equ	0xFF6
   756                           tablat	equ	0xFF5
   757                           wreg	equ	0xFE8
   758                           indf2	equ	0xFDF
   759                           fsr2h	equ	0xFDA
   760                           fsr2l	equ	0xFD9
   761                           status	equ	0xFD8
   762                           
   763 ;; *************** function _DelayPORXLCD *****************
   764 ;; Defined at:
   765 ;;		line 80 in file "main.c"
   766 ;; Parameters:    Size  Location     Type
   767 ;;		None
   768 ;; Auto vars:     Size  Location     Type
   769 ;;		None
   770 ;; Return value:  Size  Location     Type
   771 ;;		None               void
   772 ;; Registers used:
   773 ;;		wreg
   774 ;; Tracked objects:
   775 ;;		On entry : 0/0
   776 ;;		On exit  : 0/0
   777 ;;		Unchanged: 0/0
   778 ;; Data sizes:     COMRAM   BANK0   BANK1   BANK2   BANK3   BANK4   BANK5   BANK6   BANK7
   779 ;;      Params:         0       0       0       0       0       0       0       0       0
   780 ;;      Locals:         0       0       0       0       0       0       0       0       0
   781 ;;      Temps:          1       0       0       0       0       0       0       0       0
   782 ;;      Totals:         1       0       0       0       0       0       0       0       0
   783 ;;Total ram usage:        1 bytes
   784 ;; Hardware stack levels used:    1
   785 ;; This function calls:
   786 ;;		Nothing
   787 ;; This function is called by:
   788 ;;		_OpenXLCD
   789 ;; This function uses a non-reentrant model
   790 ;;
   791                           
   792                           	psect	text8
   793  000A58                     __ptext8:
   794                           	opt stack 0
   795  000A58                     _DelayPORXLCD:
   796                           	opt stack 29
   797                           
   798                           ;main.c: 81: _delay((unsigned long)((30)*(16000000/4000.0)));
   799                           
   800                           ;incstack = 0
   801  000A58  0E9C               	movlw	156
   802  000A5A  6E01               	movwf	??_DelayPORXLCD& (0+255),c
   803  000A5C  0ED7               	movlw	215
   804  000A5E                     u157:
   805  000A5E  2EE8               	decfsz	wreg,f,c
   806  000A60  D7FE               	goto	u157
   807  000A62  2E01               	decfsz	??_DelayPORXLCD& (0+255),f,c
   808  000A64  D7FC               	goto	u157
   809  000A66  F000               	nop	
   810  000A68  0012               	return	
   811  000A6A                     __end_of_DelayPORXLCD:
   812                           	opt stack 0
   813                           tblptru	equ	0xFF8
   814                           tblptrh	equ	0xFF7
   815                           tblptrl	equ	0xFF6
   816                           tablat	equ	0xFF5
   817                           wreg	equ	0xFE8
   818                           indf2	equ	0xFDF
   819                           fsr2h	equ	0xFDA
   820                           fsr2l	equ	0xFD9
   821                           status	equ	0xFD8
   822                           
   823 ;; *************** function _Delay10KTCYx *****************
   824 ;; Defined at:
   825 ;;		line 8 in file "C:\Program Files\Microchip\xc8\v1.30\sources\pic18\d10ktcyx.c"
   826 ;; Parameters:    Size  Location     Type
   827 ;;  unit            1    wreg     unsigned char 
   828 ;; Auto vars:     Size  Location     Type
   829 ;;  unit            1    1[COMRAM] unsigned char 
   830 ;; Return value:  Size  Location     Type
   831 ;;		None               void
   832 ;; Registers used:
   833 ;;		wreg
   834 ;; Tracked objects:
   835 ;;		On entry : 0/0
   836 ;;		On exit  : 0/0
   837 ;;		Unchanged: 0/0
   838 ;; Data sizes:     COMRAM   BANK0   BANK1   BANK2   BANK3   BANK4   BANK5   BANK6   BANK7
   839 ;;      Params:         0       0       0       0       0       0       0       0       0
   840 ;;      Locals:         1       0       0       0       0       0       0       0       0
   841 ;;      Temps:          1       0       0       0       0       0       0       0       0
   842 ;;      Totals:         2       0       0       0       0       0       0       0       0
   843 ;;Total ram usage:        2 bytes
   844 ;; Hardware stack levels used:    1
   845 ;; This function calls:
   846 ;;		Nothing
   847 ;; This function is called by:
   848 ;;		_OpenXLCD
   849 ;; This function uses a non-reentrant model
   850 ;;
   851                           
   852                           	psect	text9
   853  000A40                     __ptext9:
   854                           	opt stack 0
   855  000A40                     _Delay10KTCYx:
   856                           	opt stack 29
   857                           
   858                           ;incstack = 0
   859                           ;Delay10KTCYx@unit stored from wreg
   860  000A40  CFE8 F002          	movff	wreg,Delay10KTCYx@unit
   861  000A44                     l364:
   862  000A44  0E0D               	movlw	13
   863  000A46  6E01               	movwf	??_Delay10KTCYx& (0+255),c
   864  000A48  0EFC               	movlw	252
   865  000A4A                     u167:
   866  000A4A  2EE8               	decfsz	wreg,f,c
   867  000A4C  D7FE               	goto	u167
   868  000A4E  2E01               	decfsz	??_Delay10KTCYx& (0+255),f,c
   869  000A50  D7FC               	goto	u167
   870  000A52  2E02               	decfsz	Delay10KTCYx@unit,f,c
   871  000A54  D7F7               	goto	l364
   872  000A56  0012               	return	
   873  000A58                     __end_of_Delay10KTCYx:
   874                           	opt stack 0
   875                           tblptru	equ	0xFF8
   876                           tblptrh	equ	0xFF7
   877                           tblptrl	equ	0xFF6
   878                           tablat	equ	0xFF5
   879                           wreg	equ	0xFE8
   880                           indf2	equ	0xFDF
   881                           fsr2h	equ	0xFDA
   882                           fsr2l	equ	0xFD9
   883                           status	equ	0xFD8
   884                           
   885 ;; *************** function _BusyXLCD *****************
   886 ;; Defined at:
   887 ;;		line 11 in file "C:\Program Files\Microchip\xc8\v1.30\sources\pic18\plib\XLCD\busyxlcd.c"
   888 ;; Parameters:    Size  Location     Type
   889 ;;		None
   890 ;; Auto vars:     Size  Location     Type
   891 ;;		None
   892 ;; Return value:  Size  Location     Type
   893 ;;                  1    wreg      unsigned char 
   894 ;; Registers used:
   895 ;;		wreg, cstack
   896 ;; Tracked objects:
   897 ;;		On entry : 0/0
   898 ;;		On exit  : 0/0
   899 ;;		Unchanged: 0/0
   900 ;; Data sizes:     COMRAM   BANK0   BANK1   BANK2   BANK3   BANK4   BANK5   BANK6   BANK7
   901 ;;      Params:         0       0       0       0       0       0       0       0       0
   902 ;;      Locals:         0       0       0       0       0       0       0       0       0
   903 ;;      Temps:          0       0       0       0       0       0       0       0       0
   904 ;;      Totals:         0       0       0       0       0       0       0       0       0
   905 ;;Total ram usage:        0 bytes
   906 ;; Hardware stack levels used:    1
   907 ;; Hardware stack levels required when called:    1
   908 ;; This function calls:
   909 ;;		_DelayFor18TCY
   910 ;; This function is called by:
   911 ;;		_main
   912 ;;		_OpenXLCD
   913 ;;		_putrsXLCD
   914 ;;		_putsXLCD
   915 ;; This function uses a non-reentrant model
   916 ;;
   917                           
   918                           	psect	text10
   919  0009B2                     __ptext10:
   920                           	opt stack 0
   921  0009B2                     _BusyXLCD:
   922                           	opt stack 28
   923                           
   924                           ;incstack = 0
   925  0009B2  8C8A               	bsf	3978,6,c	;volatile
   926  0009B4  9A8A               	bcf	3978,5,c	;volatile
   927  0009B6  EC35  F005         	call	_DelayFor18TCY	;wreg free
   928  0009BA  888A               	bsf	3978,4,c	;volatile
   929  0009BC  EC35  F005         	call	_DelayFor18TCY	;wreg free
   930  0009C0  A681               	btfss	3969,3,c	;volatile
   931  0009C2  D00A               	goto	l50
   932  0009C4  988A               	bcf	3978,4,c	;volatile
   933  0009C6  EC35  F005         	call	_DelayFor18TCY	;wreg free
   934  0009CA  888A               	bsf	3978,4,c	;volatile
   935  0009CC  EC35  F005         	call	_DelayFor18TCY	;wreg free
   936  0009D0  988A               	bcf	3978,4,c	;volatile
   937  0009D2  9C8A               	bcf	3978,6,c	;volatile
   938  0009D4  0E01               	movlw	1
   939  0009D6  D009               	goto	l51
   940  0009D8                     l50:
   941  0009D8  988A               	bcf	3978,4,c	;volatile
   942  0009DA  EC35  F005         	call	_DelayFor18TCY	;wreg free
   943  0009DE  888A               	bsf	3978,4,c	;volatile
   944  0009E0  EC35  F005         	call	_DelayFor18TCY	;wreg free
   945  0009E4  988A               	bcf	3978,4,c	;volatile
   946  0009E6  9C8A               	bcf	3978,6,c	;volatile
   947  0009E8  0E00               	movlw	0
   948  0009EA                     l51:
   949  0009EA  0012               	return	
   950  0009EC                     __end_of_BusyXLCD:
   951                           	opt stack 0
   952                           tblptru	equ	0xFF8
   953                           tblptrh	equ	0xFF7
   954                           tblptrl	equ	0xFF6
   955                           tablat	equ	0xFF5
   956                           wreg	equ	0xFE8
   957                           indf2	equ	0xFDF
   958                           fsr2h	equ	0xFDA
   959                           fsr2l	equ	0xFD9
   960                           status	equ	0xFD8
   961                           
   962 ;; *************** function _DelayFor18TCY *****************
   963 ;; Defined at:
   964 ;;		line 77 in file "main.c"
   965 ;; Parameters:    Size  Location     Type
   966 ;;		None
   967 ;; Auto vars:     Size  Location     Type
   968 ;;		None
   969 ;; Return value:  Size  Location     Type
   970 ;;		None               void
   971 ;; Registers used:
   972 ;;		wreg
   973 ;; Tracked objects:
   974 ;;		On entry : 0/0
   975 ;;		On exit  : 0/0
   976 ;;		Unchanged: 0/0
   977 ;; Data sizes:     COMRAM   BANK0   BANK1   BANK2   BANK3   BANK4   BANK5   BANK6   BANK7
   978 ;;      Params:         0       0       0       0       0       0       0       0       0
   979 ;;      Locals:         0       0       0       0       0       0       0       0       0
   980 ;;      Temps:          1       0       0       0       0       0       0       0       0
   981 ;;      Totals:         1       0       0       0       0       0       0       0       0
   982 ;;Total ram usage:        1 bytes
   983 ;; Hardware stack levels used:    1
   984 ;; This function calls:
   985 ;;		Nothing
   986 ;; This function is called by:
   987 ;;		_BusyXLCD
   988 ;;		_SetDDRamAddr
   989 ;;		_WriteCmdXLCD
   990 ;;		_WriteDataXLCD
   991 ;; This function uses a non-reentrant model
   992 ;;
   993                           
   994                           	psect	text11
   995  000A6A                     __ptext11:
   996                           	opt stack 0
   997  000A6A                     _DelayFor18TCY:
   998                           	opt stack 28
   999                           
  1000                           ;main.c: 78: _delay((unsigned long)((18)*(16000000/4000.0)));
  1001                           
  1002                           ;incstack = 0
  1003  000A6A  0E5E               	movlw	94
  1004  000A6C  6E01               	movwf	??_DelayFor18TCY& (0+255),c
  1005  000A6E  0E80               	movlw	128
  1006  000A70                     u177:
  1007  000A70  2EE8               	decfsz	wreg,f,c
  1008  000A72  D7FE               	goto	u177
  1009  000A74  2E01               	decfsz	??_DelayFor18TCY& (0+255),f,c
  1010  000A76  D7FC               	goto	u177
  1011  000A78  D000               	nop2	
  1012  000A7A  0012               	return	
  1013  000A7C                     __end_of_DelayFor18TCY:
  1014                           	opt stack 0
  1015                           tblptru	equ	0xFF8
  1016                           tblptrh	equ	0xFF7
  1017                           tblptrl	equ	0xFF6
  1018                           tablat	equ	0xFF5
  1019                           wreg	equ	0xFE8
  1020                           indf2	equ	0xFDF
  1021                           fsr2h	equ	0xFDA
  1022                           fsr2l	equ	0xFD9
  1023                           status	equ	0xFD8
  1024                           tblptru	equ	0xFF8
  1025                           tblptrh	equ	0xFF7
  1026                           tblptrl	equ	0xFF6
  1027                           tablat	equ	0xFF5
  1028                           wreg	equ	0xFE8
  1029                           indf2	equ	0xFDF
  1030                           fsr2h	equ	0xFDA
  1031                           fsr2l	equ	0xFD9
  1032                           status	equ	0xFD8
  1033                           
  1034                           	psect	rparam
  1035  0000                     tblptru	equ	0xFF8
  1036                           tblptrh	equ	0xFF7
  1037                           tblptrl	equ	0xFF6
  1038                           tablat	equ	0xFF5
  1039                           wreg	equ	0xFE8
  1040                           indf2	equ	0xFDF
  1041                           fsr2h	equ	0xFDA
  1042                           fsr2l	equ	0xFD9
  1043                           status	equ	0xFD8


Data Sizes:
    Strings     17
    Constant    0
    Data        0
    BSS         0
    Persistent  0
    Stack       0

Auto Spaces:
    Space          Size  Autos    Used
    COMRAM           95     24      24
    BANK0           160      0       0
    BANK1           256      0       0
    BANK2           256      0       0
    BANK3           256      0       0
    BANK4           256      0       0
    BANK5           256      0       0
    BANK6           256      0       0
    BANK7           256      0       0

Pointer List with Targets:

    putsXLCD@buffer	PTR unsigned char  size(1) Largest target is 20
		 -> main@mybuff(COMRAM[20]), 

    putrsXLCD@buffer	PTR const unsigned char  size(1) Largest target is 9
		 -> STR_2(CODE[9]), STR_1(CODE[8]), 


Critical Paths under _main in COMRAM

    _main->_OpenXLCD
    _putsXLCD->_WriteDataXLCD
    _putrsXLCD->_WriteDataXLCD
    _WriteDataXLCD->_DelayFor18TCY
    _OpenXLCD->_SetDDRamAddr
    _WriteCmdXLCD->_DelayFor18TCY
    _SetDDRamAddr->_DelayFor18TCY
    _BusyXLCD->_DelayFor18TCY

Critical Paths under _main in BANK0

    None.

Critical Paths under _main in BANK1

    None.

Critical Paths under _main in BANK2

    None.

Critical Paths under _main in BANK3

    None.

Critical Paths under _main in BANK4

    None.

Critical Paths under _main in BANK5

    None.

Critical Paths under _main in BANK6

    None.

Critical Paths under _main in BANK7

    None.

Call Graph Tables:

 ---------------------------------------------------------------------------------
 (Depth) Function   	        Calls       Base Space   Used Autos Params    Refs
 ---------------------------------------------------------------------------------
 (0) _main                                                20    20      0     396
                                              4 COMRAM    20    20      0
                           _BusyXLCD
                           _OpenXLCD
                       _SetDDRamAddr
                       _WriteCmdXLCD
                               _init
                          _putrsXLCD
                           _putsXLCD
 ---------------------------------------------------------------------------------
 (1) _putsXLCD                                             1     1      0     108
                                              2 COMRAM     1     1      0
                           _BusyXLCD
                      _WriteDataXLCD
 ---------------------------------------------------------------------------------
 (1) _putrsXLCD                                            1     1      0     108
                                              2 COMRAM     1     1      0
                           _BusyXLCD
                      _WriteDataXLCD
 ---------------------------------------------------------------------------------
 (2) _WriteDataXLCD                                        1     1      0      30
                                              1 COMRAM     1     1      0
                      _DelayFor18TCY
 ---------------------------------------------------------------------------------
 (1) _init                                                 0     0      0       0
 ---------------------------------------------------------------------------------
 (1) _OpenXLCD                                             1     1      0      90
                                              3 COMRAM     1     1      0
                           _BusyXLCD
                       _Delay10KTCYx
                       _DelayPORXLCD
                       _SetDDRamAddr
                       _WriteCmdXLCD
 ---------------------------------------------------------------------------------
 (1) _WriteCmdXLCD                                         1     1      0      30
                                              1 COMRAM     1     1      0
                      _DelayFor18TCY
 ---------------------------------------------------------------------------------
 (1) _SetDDRamAddr                                         2     2      0      30
                                              1 COMRAM     2     2      0
                      _DelayFor18TCY
 ---------------------------------------------------------------------------------
 (2) _DelayPORXLCD                                         1     1      0       0
                                              0 COMRAM     1     1      0
 ---------------------------------------------------------------------------------
 (2) _Delay10KTCYx                                         2     2      0      15
                                              0 COMRAM     2     2      0
 ---------------------------------------------------------------------------------
 (2) _BusyXLCD                                             0     0      0       0
                      _DelayFor18TCY
 ---------------------------------------------------------------------------------
 (3) _DelayFor18TCY                                        1     1      0       0
                                              0 COMRAM     1     1      0
 ---------------------------------------------------------------------------------
 Estimated maximum stack depth 3
 ---------------------------------------------------------------------------------

 Call Graph Graphs:

 _main (ROOT)
   _BusyXLCD
     _DelayFor18TCY
   _OpenXLCD
     _BusyXLCD
       _DelayFor18TCY
     _Delay10KTCYx
     _DelayPORXLCD
     _SetDDRamAddr
       _DelayFor18TCY
     _WriteCmdXLCD
       _DelayFor18TCY
   _SetDDRamAddr
     _DelayFor18TCY
   _WriteCmdXLCD
     _DelayFor18TCY
   _init
   _putrsXLCD
     _BusyXLCD
       _DelayFor18TCY
     _WriteDataXLCD
       _DelayFor18TCY
   _putsXLCD
     _BusyXLCD
       _DelayFor18TCY
     _WriteDataXLCD
       _DelayFor18TCY

 Address spaces:
Name               Size   Autos  Total    Cost      Usage
BITCOMRAM           5F      0       0       0        0.0%
EEDATA             100      0       0       0        0.0%
NULL                 0      0       0       0        0.0%
CODE                 0      0       0       0        0.0%
COMRAM              5F     18      18       1       25.3%
STACK                0      0       0       2        0.0%
DATA                 0      0       0       3        0.0%
BITBANK0            A0      0       0       4        0.0%
BANK0               A0      0       0       5        0.0%
BITBANK1           100      0       0       6        0.0%
BANK1              100      0       0       7        0.0%
BITBANK2           100      0       0       8        0.0%
BANK2              100      0       0       9        0.0%
BITBANK3           100      0       0      10        0.0%
BANK3              100      0       0      11        0.0%
BITBANK4           100      0       0      12        0.0%
BANK4              100      0       0      13        0.0%
BITBANK5           100      0       0      14        0.0%
BANK5              100      0       0      15        0.0%
BITBANK6           100      0       0      16        0.0%
BANK6              100      0       0      17        0.0%
BITBANK7           100      0       0      18        0.0%
BANK7              100      0       0      19        0.0%
ABS                  0      0       0      20        0.0%
BIGRAM             7FF      0       0      21        0.0%
BITSFR               0      0       0      40        0.0%
SFR                  0      0       0      40        0.0%


Microchip Technology PIC18 Macro Assembler V1.30 build 55553 
Symbol Table                                                                                   Sun Mar 30 23:54:24 2014

                     l50 09D8                       l51 09EA                      l364 0A44  
                    l910 089A                      l902 087E                      l906 088C  
                    l924 0A32                      l940 08B2                      l918 0A1C  
                    l934 0A08                      l928 09F2                      l890 0854  
                    l948 08D8                      l894 0862                      l888 084C  
                    l898 0870                      u157 0A5E                      u167 0A4A  
                    u177 0A70    __size_of_WriteCmdXLCD 003C                      wreg 000FE8  
                   STR_1 080A                     STR_2 0801                     _LATB 000F8A  
                   _main 08A8                     _init 0A8A                     fsr2h 000FDA  
                   indf2 000FDF                     fsr2l 000FD9   __size_of_WriteDataXLCD 003C  
                   start 0000             _WriteCmdXLCD 0976            ?_SetDDRamAddr 0001  
                  ?_main 0001                    ?_init 0001                    _PORTB 000F81  
                  _TRISB 000F93    __size_of_Delay10KTCYx 0018                    tablat 000FF5  
                  status 000FD8          __initialization 0A7C             __end_of_main 08F6  
           __end_of_init 0A90         __end_of_BusyXLCD 09EC             _Delay10KTCYx 0A40  
  __size_of_DelayPORXLCD 0012           ??_SetDDRamAddr 0002         __end_of_OpenXLCD 08A8  
                 ??_main 0005                   ??_init 0001            __activetblptr 000001  
          _WriteDataXLCD 093A             _DelayPORXLCD 0A58           ?_WriteDataXLCD 0001  
           __mediumconst 0000                   tblptrh 000FF7                   tblptrl 000FF6  
                 tblptru 000FF8         __end_of_putsXLCD 0A16               __accesstop 0060  
__end_of__initialization 0A7C           __pcstackCOMRAM 0001   __size_of_DelayFor18TCY 0012  
              ?_BusyXLCD 0001          WriteCmdXLCD@cmd 0002     __end_of_SetDDRamAddr 093A  
              ?_OpenXLCD 0001        WriteDataXLCD@data 0002          ??_WriteDataXLCD 0002  
     __size_of_putrsXLCD 002A               ??_BusyXLCD 0002               ??_OpenXLCD 0004  
                __Hparam 0000                  __Lparam 0000            _DelayFor18TCY 0A6A  
              ?_putsXLCD 0001             __psmallconst 0800                  __pcinit 0A7C  
        putrsXLCD@buffer 0003                  __ramtop 0800                  __ptext0 08A8  
                __ptext1 09EC                  __ptext2 0A16                  __ptext3 093A  
                __ptext4 0A8A                  __ptext5 0814                  __ptext6 0976  
                __ptext7 08F6                  __ptext8 0A58                  __ptext9 0A40  
   end_of_initialization 0A7C           ?_DelayFor18TCY 0001               ??_putsXLCD 0003  
      __end_of_putrsXLCD 0A40                _TRISBbits 000F93    __size_of_SetDDRamAddr 0044  
             main@mybuff 0005             _SetDDRamAddr 08F6       SetDDRamAddr@DDaddr 0003  
    start_initialization 0A7C        __size_of_BusyXLCD 003A          ??_DelayFor18TCY 0001  
      __size_of_OpenXLCD 0094            ?_WriteCmdXLCD 0001      __end_of__stringdata 0812  
         putsXLCD@buffer 0003           ??_WriteCmdXLCD 0002            ?_Delay10KTCYx 0001  
      __size_of_putsXLCD 002A    __end_of_WriteDataXLCD 0976              __smallconst 0800  
               _LATBbits 000F8A            ?_DelayPORXLCD 0001          OpenXLCD@lcdtype 0004  
         ??_Delay10KTCYx 0001              __stringdata 0801                _putrsXLCD 0A16  
       Delay10KTCYx@unit 0002                 _BusyXLCD 09B2           ??_DelayPORXLCD 0001  
               _OpenXLCD 0814                 __Hrparam 0000                 __Lrparam 0000  
           __Lsmallconst 0800               ?_putrsXLCD 0001                 __ptext10 09B2  
               __ptext11 0A6A     __end_of_WriteCmdXLCD 09B2            __size_of_main 004E  
          __size_of_init 0006                 _putsXLCD 09EC     __end_of_Delay10KTCYx 0A58  
  __end_of_DelayFor18TCY 0A7C     __end_of_DelayPORXLCD 0A6A              ??_putrsXLCD 0003  
